run_id=i3-chat-short-cpu-calib repetition=1 requests=12 max_slip=100ms cancel_planned=0 slow_planned=0 prefix_sharing=0
schedule item=0 offset=3.79455153s input_tokens=364 max_tokens=75
schedule item=1 offset=22.739940026s input_tokens=207 max_tokens=59
schedule item=2 offset=25.381420046s input_tokens=297 max_tokens=276
schedule item=3 offset=38.457451152s input_tokens=79 max_tokens=145
schedule item=4 offset=56.163511638s input_tokens=198 max_tokens=384
schedule item=5 offset=1m53.941461494s input_tokens=131 max_tokens=239
schedule item=6 offset=2m0.253771811s input_tokens=238 max_tokens=189
schedule item=7 offset=2m0.751526643s input_tokens=215 max_tokens=89
schedule item=8 offset=2m2.411238167s input_tokens=263 max_tokens=140
schedule item=9 offset=2m16.619793813s input_tokens=225 max_tokens=111
schedule item=10 offset=2m17.911791394s input_tokens=219 max_tokens=48
schedule item=11 offset=2m34.196609919s input_tokens=222 max_tokens=80
epoch=2026-07-11T00:45:00.986213Z
request item=0 id=i3-chat-short-cpu-calib-r1-000000 status=ok send_slip=3.271409ms body_sha256=08d7cbe054dd62b7d690244ca442a43d431642458eda332d85567bec12f02ec3
request item=2 id=i3-chat-short-cpu-calib-r1-000002 status=ok send_slip=1.876107ms body_sha256=6ed8a4ea1c912b2715b022f644621d0bea85809f79a9ed581814df5877fde163
request item=1 id=i3-chat-short-cpu-calib-r1-000001 status=ok send_slip=10.627009ms body_sha256=5e1fbed322c12411d9ca0cad41ab7fbedda76146c81d582d6e4ffde4c2670470
request item=3 id=i3-chat-short-cpu-calib-r1-000003 status=ok send_slip=474.681µs body_sha256=d0fd8bcf008170d4aac85bb7947106ab4efd6f03c9ea7a2e8ec2e54a483f3145
request item=4 id=i3-chat-short-cpu-calib-r1-000004 status=ok send_slip=410.892µs body_sha256=afb1bbe4d277a857d96a34a4364931137a22ee4adb5daab0ffa818a3602aad2b
request item=5 id=i3-chat-short-cpu-calib-r1-000005 status=ok send_slip=544.954µs body_sha256=33ee86dc1b38552b377f88079f1ce1084edaef7beb1f4eb30e5b3f87bb203923
request item=6 id=i3-chat-short-cpu-calib-r1-000006 status=ok send_slip=1.530278ms body_sha256=27261114d53485b500ad86b93079e126a6ef075b7164429a9648eead4862c26c
request item=7 id=i3-chat-short-cpu-calib-r1-000007 status=ok send_slip=2.042043ms body_sha256=4c403b3bcc7463573db3778c6eb0130c0f3c720031b23e456b02c0fa8ffe8924
request item=8 id=i3-chat-short-cpu-calib-r1-000008 status=ok send_slip=1.311894ms body_sha256=06a0c1a60dcc004ae5a2faa13406195255fb9fc14777e05a34f347015bdc6075
request item=9 id=i3-chat-short-cpu-calib-r1-000009 status=ok send_slip=1.511174ms body_sha256=d55919a22a3476769df0fce147db2b72b637da623187a4f7ddd40f98b38a4dd3
request item=10 id=i3-chat-short-cpu-calib-r1-000010 status=ok send_slip=268.116µs body_sha256=0aec9ceb8d0447773bc2f82eaf0667180a3d3e9c9f36629c6d21d5572aad3aa9
request item=11 id=i3-chat-short-cpu-calib-r1-000011 status=ok send_slip=1.189492ms body_sha256=c39e2086120e32e5055c7ba8fa95eec0b7d5104e6fe8430d7f5b744d63cdc9f3
summary sent=12 ok=12 errors=0 shed=0 canceled=0 cancel_planned=0 slow_planned=0 max_dispatch_slip=9.571856ms max_send_slip=10.627009ms usage_missing=0 wall=2m52.074s
