run_id=i2-cancel-mid-stream repetition=1 requests=30 max_slip=100ms cancel_planned=30 slow_planned=0 prefix_sharing=0
schedule item=0 offset=132.812097ms input_tokens=252 max_tokens=256 cancel_after_tokens=8
schedule item=1 offset=162.096568ms input_tokens=211 max_tokens=256 cancel_after_tokens=8
schedule item=2 offset=444.916571ms input_tokens=110 max_tokens=256 cancel_after_tokens=8
schedule item=3 offset=1.441567254s input_tokens=149 max_tokens=256 cancel_after_tokens=8
schedule item=4 offset=1.502963694s input_tokens=149 max_tokens=256 cancel_after_tokens=8
schedule item=5 offset=1.770450977s input_tokens=75 max_tokens=256 cancel_after_tokens=8
schedule item=6 offset=1.805319388s input_tokens=234 max_tokens=256 cancel_after_tokens=8
schedule item=7 offset=2.084614917s input_tokens=252 max_tokens=256 cancel_after_tokens=8
schedule item=8 offset=2.59806167s input_tokens=72 max_tokens=256 cancel_after_tokens=8
schedule item=9 offset=4.087900767s input_tokens=237 max_tokens=256 cancel_after_tokens=8
schedule item=10 offset=4.226858468s input_tokens=107 max_tokens=256 cancel_after_tokens=8
schedule item=11 offset=4.443245281s input_tokens=168 max_tokens=256 cancel_after_tokens=8
schedule item=12 offset=4.500986066s input_tokens=212 max_tokens=256 cancel_after_tokens=8
schedule item=13 offset=4.603502359s input_tokens=239 max_tokens=256 cancel_after_tokens=8
schedule item=14 offset=4.8962841s input_tokens=172 max_tokens=256 cancel_after_tokens=8
schedule item=15 offset=5.867735589s input_tokens=97 max_tokens=256 cancel_after_tokens=8
schedule item=16 offset=6.360369473s input_tokens=244 max_tokens=256 cancel_after_tokens=8
schedule item=17 offset=6.733578383s input_tokens=161 max_tokens=256 cancel_after_tokens=8
schedule item=18 offset=6.746909391s input_tokens=102 max_tokens=256 cancel_after_tokens=8
schedule item=19 offset=7.141628663s input_tokens=112 max_tokens=256 cancel_after_tokens=8
schedule item=20 offset=7.195586978s input_tokens=226 max_tokens=256 cancel_after_tokens=8
schedule item=21 offset=7.218498799s input_tokens=125 max_tokens=256 cancel_after_tokens=8
schedule item=22 offset=7.627410932s input_tokens=97 max_tokens=256 cancel_after_tokens=8
schedule item=23 offset=7.661454996s input_tokens=234 max_tokens=256 cancel_after_tokens=8
schedule item=24 offset=8.532791536s input_tokens=174 max_tokens=256 cancel_after_tokens=8
schedule item=25 offset=8.97821664s input_tokens=190 max_tokens=256 cancel_after_tokens=8
schedule item=26 offset=9.374178312s input_tokens=116 max_tokens=256 cancel_after_tokens=8
schedule item=27 offset=9.641567279s input_tokens=249 max_tokens=256 cancel_after_tokens=8
schedule item=28 offset=9.661108475s input_tokens=223 max_tokens=256 cancel_after_tokens=8
schedule item=29 offset=9.840388754s input_tokens=227 max_tokens=256 cancel_after_tokens=8
epoch=2026-07-10T19:44:22.795306Z
request item=0 id=i2-cancel-mid-stream-r1-000000 status=canceled send_slip=1.685243ms body_sha256=68268e762aa1f03cb27ca4ce1b47604db5a61c39b9bea56211355e659b33b8bd
request item=1 id=i2-cancel-mid-stream-r1-000001 status=canceled send_slip=1.212068ms body_sha256=f37334e780f96723a36b267d1e506b4126dbe13792d9025bc8ab0cef0c042043
request item=2 id=i2-cancel-mid-stream-r1-000002 status=canceled send_slip=1.59411ms body_sha256=b538f55268d540a95ab24d3c4b85f68d8a1db1aeb515bf4a556073cda7d339ed
request item=3 id=i2-cancel-mid-stream-r1-000003 status=canceled send_slip=1.038773ms body_sha256=66504ea341eab403f920108eb5180ee6dcb4ecd722f4bd1f8df941985be5c0fd
request item=4 id=i2-cancel-mid-stream-r1-000004 status=canceled send_slip=1.511263ms body_sha256=03a30fbb440616d4db334afb430e2c68835e5010c54d81527ea13388f6b5b9c7
request item=5 id=i2-cancel-mid-stream-r1-000005 status=canceled send_slip=974.156µs body_sha256=16629d18fc04d9b7dc3a38620b139c1f866e204dc7355818a23822566476dbd9
request item=6 id=i2-cancel-mid-stream-r1-000006 status=canceled send_slip=890.974µs body_sha256=87592d327be35e09402843828577ab1b54324d77f4185e227b53bf322be4635a
request item=7 id=i2-cancel-mid-stream-r1-000007 status=canceled send_slip=726.143µs body_sha256=b00ae56156fe91c6a4e6046429fa59068fedc12185479adc5d2ce1cd86ee9b68
request item=8 id=i2-cancel-mid-stream-r1-000008 status=canceled send_slip=1.5895ms body_sha256=0fdec29a29a8fe07ee7a396004ee262ffe00d060b42a7df2ef58f866e9632a49
request item=9 id=i2-cancel-mid-stream-r1-000009 status=canceled send_slip=1.48505ms body_sha256=5fe019d0dae60d719cd8213871d3f21f97df190e077c817ae24eb76cef4a23c4
request item=10 id=i2-cancel-mid-stream-r1-000010 status=canceled send_slip=1.270517ms body_sha256=82a3b350494d43c02121b4d3c98a4e556db9af5190407506580a02f546e2a2d9
request item=11 id=i2-cancel-mid-stream-r1-000011 status=canceled send_slip=666.198µs body_sha256=250c7a172cbb0f597205346ec795738778e2db9f14c8c516474d427e0c50f9ce
request item=12 id=i2-cancel-mid-stream-r1-000012 status=canceled send_slip=80.224589ms body_sha256=ad82cac1028515d4ed186acac19efcc29bd9ea23fbf07a725b56299eeab95d20
request item=13 id=i2-cancel-mid-stream-r1-000013 status=canceled send_slip=1.746ms body_sha256=a0c55d82b79f3e7c74df575d1500f94b16ba4d1f2c42e85ad1fe2f26d052e636
request item=14 id=i2-cancel-mid-stream-r1-000014 status=canceled send_slip=1.348325ms body_sha256=205b3d43f7c04f417255e82f0ae8623ff9a3e0e50d4132f13ee1a19c6afd857d
request item=15 id=i2-cancel-mid-stream-r1-000015 status=canceled send_slip=807.361µs body_sha256=c7141f5399b36b4bc8f900ecbce3460b8c0a8446ea410db96a74a620e12565d6
request item=16 id=i2-cancel-mid-stream-r1-000016 status=canceled send_slip=1.472336ms body_sha256=1e9aed25f8f65938acc8ca90769a1c5ba57734c0f68ade067b72112129037ef4
request item=17 id=i2-cancel-mid-stream-r1-000017 status=canceled send_slip=1.273887ms body_sha256=e69d00a03253562aa24ba820d06f2fc2b3a6b56873738b8bc30aaea817e054fb
request item=18 id=i2-cancel-mid-stream-r1-000018 status=canceled send_slip=479.777µs body_sha256=ccc54302d72fba6bc332241e57e40fe172954a82da44d4732311eb95b1f9c9ce
request item=19 id=i2-cancel-mid-stream-r1-000019 status=canceled send_slip=533.219µs body_sha256=0ca1e800afcb6450d1c0ececacdca2b14c51f179b2392ef9df2d4460c35136d8
request item=20 id=i2-cancel-mid-stream-r1-000020 status=canceled send_slip=1.321044ms body_sha256=c2da1fce02436eb524eb6d988561826c015204a1f35a1189e10a17bc40b23f81
request item=21 id=i2-cancel-mid-stream-r1-000021 status=canceled send_slip=1.550179ms body_sha256=2d6949b411ac3aafaa5eda66505e3a0576c3d575aabedf6c74959f1dfb54d841
request item=22 id=i2-cancel-mid-stream-r1-000022 status=canceled send_slip=817.603µs body_sha256=cc7e6ca55ed06bb0231fef8e1dc73cfb41d553c9cafb64e98d68e3de1fcd27f2
request item=23 id=i2-cancel-mid-stream-r1-000023 status=canceled send_slip=586.347µs body_sha256=aa71b383e17b1c5db487610544534af21a8f4a86942bd9dda0b348efe80659d8
request item=24 id=i2-cancel-mid-stream-r1-000024 status=canceled send_slip=666.402µs body_sha256=ac80eff897126612d1e994e92da5d4887151447fc6214c97ab09bdd7ffb422e7
request item=25 id=i2-cancel-mid-stream-r1-000025 status=ok send_slip=1.59447ms body_sha256=103a4d3d29b0d49a5ee5d318a99cbf26020693e2bf3e0673ea5f0981b6b99187
request item=26 id=i2-cancel-mid-stream-r1-000026 status=canceled send_slip=959.289µs body_sha256=e3582c382fb607f4be47a8ec5cd5d97e30ea66bc336514f684ad63da7067565d
request item=27 id=i2-cancel-mid-stream-r1-000027 status=canceled send_slip=939.21µs body_sha256=1708193893e72fd577164b5f8b2aab207431755a1631d1a83fd89cb20e56afa4
request item=28 id=i2-cancel-mid-stream-r1-000028 status=canceled send_slip=970.941µs body_sha256=13a735eb9e56edfb083dda2891ab4b926d9c5e617907ded809c5d1b6589ad65e
request item=29 id=i2-cancel-mid-stream-r1-000029 status=canceled send_slip=1.631102ms body_sha256=9d3b33ff393dc9c94c25d4d0247e73c3ce747bc2c4ce5f5a782682a10ce08733
summary sent=30 ok=1 errors=0 shed=0 canceled=29 cancel_planned=30 slow_planned=0 max_dispatch_slip=79.183578ms max_send_slip=80.224589ms usage_missing=0 wall=10.359s
