run_id=i2-cancel-near-completion repetition=1 requests=200 max_slip=100ms cancel_planned=200 slow_planned=0 prefix_sharing=0
schedule item=0 offset=132.812097ms input_tokens=252 max_tokens=256 cancel_after_tokens=240
schedule item=1 offset=162.096568ms input_tokens=211 max_tokens=256 cancel_after_tokens=240
schedule item=2 offset=444.916571ms input_tokens=110 max_tokens=256 cancel_after_tokens=240
schedule item=3 offset=1.441567254s input_tokens=149 max_tokens=256 cancel_after_tokens=240
schedule item=4 offset=1.502963694s input_tokens=149 max_tokens=256 cancel_after_tokens=240
schedule item=5 offset=1.770450977s input_tokens=75 max_tokens=256 cancel_after_tokens=240
schedule item=6 offset=1.805319388s input_tokens=234 max_tokens=256 cancel_after_tokens=240
schedule item=7 offset=2.084614917s input_tokens=252 max_tokens=256 cancel_after_tokens=240
schedule item=8 offset=2.59806167s input_tokens=72 max_tokens=256 cancel_after_tokens=240
schedule item=9 offset=4.087900767s input_tokens=237 max_tokens=256 cancel_after_tokens=240
schedule item=10 offset=4.226858468s input_tokens=107 max_tokens=256 cancel_after_tokens=240
schedule item=11 offset=4.443245281s input_tokens=168 max_tokens=256 cancel_after_tokens=240
schedule item=12 offset=4.500986066s input_tokens=212 max_tokens=256 cancel_after_tokens=240
schedule item=13 offset=4.603502359s input_tokens=239 max_tokens=256 cancel_after_tokens=240
schedule item=14 offset=4.8962841s input_tokens=172 max_tokens=256 cancel_after_tokens=240
schedule item=15 offset=5.867735589s input_tokens=97 max_tokens=256 cancel_after_tokens=240
schedule item=16 offset=6.360369473s input_tokens=244 max_tokens=256 cancel_after_tokens=240
schedule item=17 offset=6.733578383s input_tokens=161 max_tokens=256 cancel_after_tokens=240
schedule item=18 offset=6.746909391s input_tokens=102 max_tokens=256 cancel_after_tokens=240
schedule item=19 offset=7.141628663s input_tokens=112 max_tokens=256 cancel_after_tokens=240
schedule item=20 offset=7.195586978s input_tokens=226 max_tokens=256 cancel_after_tokens=240
schedule item=21 offset=7.218498799s input_tokens=125 max_tokens=256 cancel_after_tokens=240
schedule item=22 offset=7.627410932s input_tokens=97 max_tokens=256 cancel_after_tokens=240
schedule item=23 offset=7.661454996s input_tokens=234 max_tokens=256 cancel_after_tokens=240
schedule item=24 offset=8.532791536s input_tokens=174 max_tokens=256 cancel_after_tokens=240
schedule item=25 offset=8.97821664s input_tokens=190 max_tokens=256 cancel_after_tokens=240
schedule item=26 offset=9.374178312s input_tokens=116 max_tokens=256 cancel_after_tokens=240
schedule item=27 offset=9.641567279s input_tokens=249 max_tokens=256 cancel_after_tokens=240
schedule item=28 offset=9.661108475s input_tokens=223 max_tokens=256 cancel_after_tokens=240
schedule item=29 offset=9.840388754s input_tokens=227 max_tokens=256 cancel_after_tokens=240
schedule item=30 offset=10.045443632s input_tokens=225 max_tokens=256 cancel_after_tokens=240
schedule item=31 offset=10.743189s input_tokens=191 max_tokens=256 cancel_after_tokens=240
schedule item=32 offset=10.819733193s input_tokens=168 max_tokens=256 cancel_after_tokens=240
schedule item=33 offset=11.306920853s input_tokens=83 max_tokens=256 cancel_after_tokens=240
schedule item=34 offset=11.635181443s input_tokens=71 max_tokens=256 cancel_after_tokens=240
schedule item=35 offset=11.779995425s input_tokens=184 max_tokens=256 cancel_after_tokens=240
schedule item=36 offset=12.193974454s input_tokens=172 max_tokens=256 cancel_after_tokens=240
schedule item=37 offset=12.194329916s input_tokens=108 max_tokens=256 cancel_after_tokens=240
schedule item=38 offset=12.429245446s input_tokens=238 max_tokens=256 cancel_after_tokens=240
schedule item=39 offset=12.805460896s input_tokens=179 max_tokens=256 cancel_after_tokens=240
schedule item=40 offset=13.028821704s input_tokens=83 max_tokens=256 cancel_after_tokens=240
schedule item=41 offset=13.094282543s input_tokens=139 max_tokens=256 cancel_after_tokens=240
schedule item=42 offset=13.097784205s input_tokens=178 max_tokens=256 cancel_after_tokens=240
schedule item=43 offset=13.149505645s input_tokens=205 max_tokens=256 cancel_after_tokens=240
schedule item=44 offset=13.377080181s input_tokens=76 max_tokens=256 cancel_after_tokens=240
schedule item=45 offset=13.581500533s input_tokens=156 max_tokens=256 cancel_after_tokens=240
schedule item=46 offset=13.787984988s input_tokens=100 max_tokens=256 cancel_after_tokens=240
schedule item=47 offset=13.941961488s input_tokens=176 max_tokens=256 cancel_after_tokens=240
schedule item=48 offset=14.58025018s input_tokens=160 max_tokens=256 cancel_after_tokens=240
schedule item=49 offset=14.656258749s input_tokens=240 max_tokens=256 cancel_after_tokens=240
schedule item=50 offset=14.799630337s input_tokens=144 max_tokens=256 cancel_after_tokens=240
schedule item=51 offset=15.233685479s input_tokens=143 max_tokens=256 cancel_after_tokens=240
schedule item=52 offset=15.346646818s input_tokens=150 max_tokens=256 cancel_after_tokens=240
schedule item=53 offset=15.388306289s input_tokens=219 max_tokens=256 cancel_after_tokens=240
schedule item=54 offset=15.506954088s input_tokens=233 max_tokens=256 cancel_after_tokens=240
schedule item=55 offset=15.654198371s input_tokens=231 max_tokens=256 cancel_after_tokens=240
schedule item=56 offset=16.277593327s input_tokens=166 max_tokens=256 cancel_after_tokens=240
schedule item=57 offset=16.737349596s input_tokens=179 max_tokens=256 cancel_after_tokens=240
schedule item=58 offset=16.973395434s input_tokens=163 max_tokens=256 cancel_after_tokens=240
schedule item=59 offset=18.774003337s input_tokens=65 max_tokens=256 cancel_after_tokens=240
schedule item=60 offset=18.79332965s input_tokens=233 max_tokens=256 cancel_after_tokens=240
schedule item=61 offset=19.648397483s input_tokens=220 max_tokens=256 cancel_after_tokens=240
schedule item=62 offset=20.099260003s input_tokens=247 max_tokens=256 cancel_after_tokens=240
schedule item=63 offset=20.30834425s input_tokens=73 max_tokens=256 cancel_after_tokens=240
schedule item=64 offset=20.426492547s input_tokens=121 max_tokens=256 cancel_after_tokens=240
schedule item=65 offset=20.628430941s input_tokens=151 max_tokens=256 cancel_after_tokens=240
schedule item=66 offset=20.772841917s input_tokens=73 max_tokens=256 cancel_after_tokens=240
schedule item=67 offset=20.955281103s input_tokens=111 max_tokens=256 cancel_after_tokens=240
schedule item=68 offset=21.82764261s input_tokens=197 max_tokens=256 cancel_after_tokens=240
schedule item=69 offset=21.952036316s input_tokens=165 max_tokens=256 cancel_after_tokens=240
schedule item=70 offset=22.151198747s input_tokens=256 max_tokens=256 cancel_after_tokens=240
schedule item=71 offset=22.379260648s input_tokens=230 max_tokens=256 cancel_after_tokens=240
schedule item=72 offset=22.506107604s input_tokens=167 max_tokens=256 cancel_after_tokens=240
schedule item=73 offset=23.768690792s input_tokens=236 max_tokens=256 cancel_after_tokens=240
schedule item=74 offset=24.62681266s input_tokens=148 max_tokens=256 cancel_after_tokens=240
schedule item=75 offset=24.714727601s input_tokens=224 max_tokens=256 cancel_after_tokens=240
schedule item=76 offset=24.723698177s input_tokens=220 max_tokens=256 cancel_after_tokens=240
schedule item=77 offset=24.858930648s input_tokens=241 max_tokens=256 cancel_after_tokens=240
schedule item=78 offset=25.548283286s input_tokens=95 max_tokens=256 cancel_after_tokens=240
schedule item=79 offset=25.584427533s input_tokens=169 max_tokens=256 cancel_after_tokens=240
schedule item=80 offset=26.005847524s input_tokens=125 max_tokens=256 cancel_after_tokens=240
schedule item=81 offset=26.996281169s input_tokens=214 max_tokens=256 cancel_after_tokens=240
schedule item=82 offset=27.37674449s input_tokens=230 max_tokens=256 cancel_after_tokens=240
schedule item=83 offset=27.684072681s input_tokens=76 max_tokens=256 cancel_after_tokens=240
schedule item=84 offset=27.742951267s input_tokens=169 max_tokens=256 cancel_after_tokens=240
schedule item=85 offset=27.803231539s input_tokens=247 max_tokens=256 cancel_after_tokens=240
schedule item=86 offset=27.872603203s input_tokens=192 max_tokens=256 cancel_after_tokens=240
schedule item=87 offset=27.909293659s input_tokens=138 max_tokens=256 cancel_after_tokens=240
schedule item=88 offset=28.176696021s input_tokens=142 max_tokens=256 cancel_after_tokens=240
schedule item=89 offset=28.281357768s input_tokens=66 max_tokens=256 cancel_after_tokens=240
schedule item=90 offset=28.830593632s input_tokens=252 max_tokens=256 cancel_after_tokens=240
schedule item=91 offset=29.031767975s input_tokens=157 max_tokens=256 cancel_after_tokens=240
schedule item=92 offset=29.101491993s input_tokens=78 max_tokens=256 cancel_after_tokens=240
schedule item=93 offset=29.209913096s input_tokens=124 max_tokens=256 cancel_after_tokens=240
schedule item=94 offset=29.37075575s input_tokens=105 max_tokens=256 cancel_after_tokens=240
schedule item=95 offset=29.557449107s input_tokens=180 max_tokens=256 cancel_after_tokens=240
schedule item=96 offset=30.314651883s input_tokens=249 max_tokens=256 cancel_after_tokens=240
schedule item=97 offset=30.504938246s input_tokens=250 max_tokens=256 cancel_after_tokens=240
schedule item=98 offset=30.511481353s input_tokens=102 max_tokens=256 cancel_after_tokens=240
schedule item=99 offset=30.561948689s input_tokens=160 max_tokens=256 cancel_after_tokens=240
schedule item=100 offset=30.873905777s input_tokens=169 max_tokens=256 cancel_after_tokens=240
schedule item=101 offset=31.959636387s input_tokens=96 max_tokens=256 cancel_after_tokens=240
schedule item=102 offset=32.195099646s input_tokens=131 max_tokens=256 cancel_after_tokens=240
schedule item=103 offset=32.399574833s input_tokens=181 max_tokens=256 cancel_after_tokens=240
schedule item=104 offset=32.537158849s input_tokens=183 max_tokens=256 cancel_after_tokens=240
schedule item=105 offset=32.562984787s input_tokens=176 max_tokens=256 cancel_after_tokens=240
schedule item=106 offset=33.100697862s input_tokens=79 max_tokens=256 cancel_after_tokens=240
schedule item=107 offset=33.491068233s input_tokens=155 max_tokens=256 cancel_after_tokens=240
schedule item=108 offset=33.581804562s input_tokens=103 max_tokens=256 cancel_after_tokens=240
schedule item=109 offset=33.994917371s input_tokens=70 max_tokens=256 cancel_after_tokens=240
schedule item=110 offset=34.121859944s input_tokens=71 max_tokens=256 cancel_after_tokens=240
schedule item=111 offset=34.434952788s input_tokens=145 max_tokens=256 cancel_after_tokens=240
schedule item=112 offset=34.483822005s input_tokens=143 max_tokens=256 cancel_after_tokens=240
schedule item=113 offset=34.578293229s input_tokens=244 max_tokens=256 cancel_after_tokens=240
schedule item=114 offset=34.698430809s input_tokens=128 max_tokens=256 cancel_after_tokens=240
schedule item=115 offset=35.263620123s input_tokens=125 max_tokens=256 cancel_after_tokens=240
schedule item=116 offset=35.27393047s input_tokens=231 max_tokens=256 cancel_after_tokens=240
schedule item=117 offset=35.938901781s input_tokens=231 max_tokens=256 cancel_after_tokens=240
schedule item=118 offset=36.923971265s input_tokens=162 max_tokens=256 cancel_after_tokens=240
schedule item=119 offset=36.97611555s input_tokens=199 max_tokens=256 cancel_after_tokens=240
schedule item=120 offset=37.110433127s input_tokens=169 max_tokens=256 cancel_after_tokens=240
schedule item=121 offset=37.200561132s input_tokens=70 max_tokens=256 cancel_after_tokens=240
schedule item=122 offset=37.321242575s input_tokens=162 max_tokens=256 cancel_after_tokens=240
schedule item=123 offset=37.344619219s input_tokens=161 max_tokens=256 cancel_after_tokens=240
schedule item=124 offset=37.781267066s input_tokens=185 max_tokens=256 cancel_after_tokens=240
schedule item=125 offset=38.733445209s input_tokens=79 max_tokens=256 cancel_after_tokens=240
schedule item=126 offset=38.893315944s input_tokens=214 max_tokens=256 cancel_after_tokens=240
schedule item=127 offset=39.272658546s input_tokens=123 max_tokens=256 cancel_after_tokens=240
schedule item=128 offset=39.679332261s input_tokens=108 max_tokens=256 cancel_after_tokens=240
schedule item=129 offset=39.97947677s input_tokens=238 max_tokens=256 cancel_after_tokens=240
schedule item=130 offset=40.048792172s input_tokens=161 max_tokens=256 cancel_after_tokens=240
schedule item=131 offset=40.389182725s input_tokens=119 max_tokens=256 cancel_after_tokens=240
schedule item=132 offset=41.06744469s input_tokens=181 max_tokens=256 cancel_after_tokens=240
schedule item=133 offset=41.309796258s input_tokens=93 max_tokens=256 cancel_after_tokens=240
schedule item=134 offset=41.628970416s input_tokens=71 max_tokens=256 cancel_after_tokens=240
schedule item=135 offset=41.829481057s input_tokens=64 max_tokens=256 cancel_after_tokens=240
schedule item=136 offset=41.966968581s input_tokens=126 max_tokens=256 cancel_after_tokens=240
schedule item=137 offset=41.99099476s input_tokens=84 max_tokens=256 cancel_after_tokens=240
schedule item=138 offset=42.648847676s input_tokens=242 max_tokens=256 cancel_after_tokens=240
schedule item=139 offset=43.060425572s input_tokens=81 max_tokens=256 cancel_after_tokens=240
schedule item=140 offset=43.096035189s input_tokens=205 max_tokens=256 cancel_after_tokens=240
schedule item=141 offset=43.269787276s input_tokens=244 max_tokens=256 cancel_after_tokens=240
schedule item=142 offset=43.617526844s input_tokens=195 max_tokens=256 cancel_after_tokens=240
schedule item=143 offset=43.747033536s input_tokens=187 max_tokens=256 cancel_after_tokens=240
schedule item=144 offset=43.862038281s input_tokens=65 max_tokens=256 cancel_after_tokens=240
schedule item=145 offset=44.617854002s input_tokens=248 max_tokens=256 cancel_after_tokens=240
schedule item=146 offset=44.995395545s input_tokens=117 max_tokens=256 cancel_after_tokens=240
schedule item=147 offset=46.138936585s input_tokens=72 max_tokens=256 cancel_after_tokens=240
schedule item=148 offset=46.326596703s input_tokens=238 max_tokens=256 cancel_after_tokens=240
schedule item=149 offset=46.404513235s input_tokens=200 max_tokens=256 cancel_after_tokens=240
schedule item=150 offset=46.826817681s input_tokens=191 max_tokens=256 cancel_after_tokens=240
schedule item=151 offset=46.993181337s input_tokens=92 max_tokens=256 cancel_after_tokens=240
schedule item=152 offset=47.485176596s input_tokens=91 max_tokens=256 cancel_after_tokens=240
schedule item=153 offset=47.530409776s input_tokens=161 max_tokens=256 cancel_after_tokens=240
schedule item=154 offset=47.967263421s input_tokens=207 max_tokens=256 cancel_after_tokens=240
schedule item=155 offset=48.06102045s input_tokens=171 max_tokens=256 cancel_after_tokens=240
schedule item=156 offset=48.683120249s input_tokens=89 max_tokens=256 cancel_after_tokens=240
schedule item=157 offset=49.195937118s input_tokens=174 max_tokens=256 cancel_after_tokens=240
schedule item=158 offset=49.269610959s input_tokens=164 max_tokens=256 cancel_after_tokens=240
schedule item=159 offset=49.397791867s input_tokens=171 max_tokens=256 cancel_after_tokens=240
schedule item=160 offset=49.44369701s input_tokens=97 max_tokens=256 cancel_after_tokens=240
schedule item=161 offset=49.511252649s input_tokens=169 max_tokens=256 cancel_after_tokens=240
schedule item=162 offset=49.700464088s input_tokens=85 max_tokens=256 cancel_after_tokens=240
schedule item=163 offset=49.712189562s input_tokens=97 max_tokens=256 cancel_after_tokens=240
schedule item=164 offset=50.409931529s input_tokens=233 max_tokens=256 cancel_after_tokens=240
schedule item=165 offset=50.649773609s input_tokens=254 max_tokens=256 cancel_after_tokens=240
schedule item=166 offset=50.663906314s input_tokens=199 max_tokens=256 cancel_after_tokens=240
schedule item=167 offset=50.696836793s input_tokens=120 max_tokens=256 cancel_after_tokens=240
schedule item=168 offset=50.884395517s input_tokens=231 max_tokens=256 cancel_after_tokens=240
schedule item=169 offset=51.207493401s input_tokens=117 max_tokens=256 cancel_after_tokens=240
schedule item=170 offset=51.291753631s input_tokens=195 max_tokens=256 cancel_after_tokens=240
schedule item=171 offset=51.332529348s input_tokens=118 max_tokens=256 cancel_after_tokens=240
schedule item=172 offset=51.470180403s input_tokens=138 max_tokens=256 cancel_after_tokens=240
schedule item=173 offset=51.710446119s input_tokens=94 max_tokens=256 cancel_after_tokens=240
schedule item=174 offset=51.909091169s input_tokens=216 max_tokens=256 cancel_after_tokens=240
schedule item=175 offset=52.015424379s input_tokens=156 max_tokens=256 cancel_after_tokens=240
schedule item=176 offset=52.444899761s input_tokens=186 max_tokens=256 cancel_after_tokens=240
schedule item=177 offset=52.451494555s input_tokens=193 max_tokens=256 cancel_after_tokens=240
schedule item=178 offset=52.567487492s input_tokens=185 max_tokens=256 cancel_after_tokens=240
schedule item=179 offset=52.831958775s input_tokens=100 max_tokens=256 cancel_after_tokens=240
schedule item=180 offset=53.172632204s input_tokens=153 max_tokens=256 cancel_after_tokens=240
schedule item=181 offset=53.24409149s input_tokens=212 max_tokens=256 cancel_after_tokens=240
schedule item=182 offset=53.559474968s input_tokens=192 max_tokens=256 cancel_after_tokens=240
schedule item=183 offset=53.991338745s input_tokens=241 max_tokens=256 cancel_after_tokens=240
schedule item=184 offset=54.168520443s input_tokens=86 max_tokens=256 cancel_after_tokens=240
schedule item=185 offset=54.250588542s input_tokens=80 max_tokens=256 cancel_after_tokens=240
schedule item=186 offset=54.37144761s input_tokens=190 max_tokens=256 cancel_after_tokens=240
schedule item=187 offset=54.688419868s input_tokens=221 max_tokens=256 cancel_after_tokens=240
schedule item=188 offset=55.143053023s input_tokens=71 max_tokens=256 cancel_after_tokens=240
schedule item=189 offset=55.257984316s input_tokens=189 max_tokens=256 cancel_after_tokens=240
schedule item=190 offset=55.393530694s input_tokens=77 max_tokens=256 cancel_after_tokens=240
schedule item=191 offset=57.060996773s input_tokens=241 max_tokens=256 cancel_after_tokens=240
schedule item=192 offset=57.291655657s input_tokens=76 max_tokens=256 cancel_after_tokens=240
schedule item=193 offset=57.3360313s input_tokens=214 max_tokens=256 cancel_after_tokens=240
schedule item=194 offset=57.568189218s input_tokens=170 max_tokens=256 cancel_after_tokens=240
schedule item=195 offset=57.732816358s input_tokens=146 max_tokens=256 cancel_after_tokens=240
schedule item=196 offset=57.746297738s input_tokens=229 max_tokens=256 cancel_after_tokens=240
schedule item=197 offset=57.790932978s input_tokens=179 max_tokens=256 cancel_after_tokens=240
schedule item=198 offset=57.932443796s input_tokens=229 max_tokens=256 cancel_after_tokens=240
schedule item=199 offset=58.595864847s input_tokens=250 max_tokens=256 cancel_after_tokens=240
epoch=2026-07-10T19:44:34.087245Z
request item=5 id=i2-cancel-near-completion-r1-000005 status=ok send_slip=1.075241ms body_sha256=0989397c83c204c6bdae149cece2853db40d352f8772c51ef2dee3824557cac9
request item=2 id=i2-cancel-near-completion-r1-000002 status=ok send_slip=988.528µs body_sha256=08a7d4b92c7afc122352c457e4e0a3eefee8d3dedf0999b5cc5282c14e35953e
request item=4 id=i2-cancel-near-completion-r1-000004 status=ok send_slip=659.46µs body_sha256=e185c27de40d37239e91cfe0be098de46c58be16c2d445753f90a8c5f848d659
request item=10 id=i2-cancel-near-completion-r1-000010 status=ok send_slip=373.906µs body_sha256=bb0a28d5cc837cfb26b2988d3909c0af1ebc2e044d1bcfc6034a8a45f1779056
request item=0 id=i2-cancel-near-completion-r1-000000 status=ok send_slip=13.464445ms body_sha256=24e741a24e928f8ed440dfabf8684a5ea694b62d2e514371a0e3402d92c3da0c
request item=3 id=i2-cancel-near-completion-r1-000003 status=ok send_slip=1.214487ms body_sha256=5a7f95ae80a93fd45e2da2fec812fca2d1c0086fa4865ca85386f800c89518be
request item=1 id=i2-cancel-near-completion-r1-000001 status=ok send_slip=832.516µs body_sha256=334d6308d8014162e2f3d04fcb23a4a47f49dc213f169347d38dfee6540d54d8
request item=15 id=i2-cancel-near-completion-r1-000015 status=ok send_slip=813.695µs body_sha256=260117e5927437d021ad034b9359ae49df53f10cf4fca8520cd1295d8361881a
request item=9 id=i2-cancel-near-completion-r1-000009 status=ok send_slip=1.390987ms body_sha256=802f308fe033cc24acb486dff847cf1e2983d2b0ccb10f958d7d156b6b146edc
request item=19 id=i2-cancel-near-completion-r1-000019 status=ok send_slip=1.902346ms body_sha256=fb4ea2a9cafd95ae7b2d9b3ea28837e73b81d8c2738271c30b597d03d1917200
request item=8 id=i2-cancel-near-completion-r1-000008 status=ok send_slip=657.7µs body_sha256=f03187edf3680d51d47d996402a9e3ec95ede273fe6db5938f1e82d408a226e9
request item=13 id=i2-cancel-near-completion-r1-000013 status=ok send_slip=1.755542ms body_sha256=bc28503571ffc01224661ffe78b114ff986f013ad03a886d365b8cf6db65565e
request item=6 id=i2-cancel-near-completion-r1-000006 status=ok send_slip=1.635389ms body_sha256=5d20d65bcd4352c4bbf89e855ab154aabae69c1eda26e77ae7e37b41d8e44df8
request item=18 id=i2-cancel-near-completion-r1-000018 status=ok send_slip=1.114619ms body_sha256=9f07b98b7d6710b43159da82e4e67bff7619c0e4a74cafc1b07aba78f681cc02
request item=25 id=i2-cancel-near-completion-r1-000025 status=ok send_slip=1.011458ms body_sha256=103a4d3d29b0d49a5ee5d318a99cbf26020693e2bf3e0673ea5f0981b6b99187
request item=7 id=i2-cancel-near-completion-r1-000007 status=canceled send_slip=1.437905ms body_sha256=e204654483be422b0059fc1e150a1f580fce15475f9485d4ae313ce3a10e825c
request item=12 id=i2-cancel-near-completion-r1-000012 status=ok send_slip=1.822512ms body_sha256=5e6b4256b6c7c21cc38202d77c9377ec8c82a25521b7da70e748aad361d47eeb
request item=17 id=i2-cancel-near-completion-r1-000017 status=ok send_slip=509.229µs body_sha256=39fedfd95f78f9626f5941dcdf81345b8020e783251413355da9a94fb17b8e98
request item=20 id=i2-cancel-near-completion-r1-000020 status=ok send_slip=1.157359ms body_sha256=25f87698d7b45d611b67439ed0052aea4c6643ec22ad5d003206cbdf202d9768
request item=27 id=i2-cancel-near-completion-r1-000027 status=ok send_slip=892.475µs body_sha256=0dbf0d1431e3cc5f20e268863392fa4cd8234fe60439f22ad70b86a397fe8d1c
request item=30 id=i2-cancel-near-completion-r1-000030 status=ok send_slip=416.108µs body_sha256=c8e9ff54281965c0de414666fe15cbe70ab943fc6cb2ce559800130efa6b6ae9
request item=16 id=i2-cancel-near-completion-r1-000016 status=ok send_slip=901.683µs body_sha256=cc06ec3bd5f0d190f6e3715b578cb9253db3a572061cc4e8ee077528859aed34
request item=22 id=i2-cancel-near-completion-r1-000022 status=ok send_slip=1.165889ms body_sha256=5010123b2b8e201e2df895047e2e1e169b0737eec64bdded0a141f54690c38d0
request item=33 id=i2-cancel-near-completion-r1-000033 status=ok send_slip=1.240543ms body_sha256=ee247d051bdc59e9213a7b61079965fd725df0afd1a87e01a2e246d6094e71e8
request item=11 id=i2-cancel-near-completion-r1-000011 status=ok send_slip=1.220366ms body_sha256=b0eca8eb508111359fb65ca6ff5c99de8f6da16db41f4f96a14d7c22e68a8af6
request item=26 id=i2-cancel-near-completion-r1-000026 status=ok send_slip=990.189µs body_sha256=7c7ccd7481ba1e5db8495e8598fae09f1f6713bd1373234f208926d8d7aff7e5
request item=14 id=i2-cancel-near-completion-r1-000014 status=canceled send_slip=719.596µs body_sha256=721f0dc4f96f4778b1fee3df693a48d23252bf882dee4f418a75d2d84cb4c479
request item=21 id=i2-cancel-near-completion-r1-000021 status=ok send_slip=1.094297ms body_sha256=e04b28ce67b39061fe484c0236152b5233e3bb3928b1773a8654f4e50ab5e8ee
request item=29 id=i2-cancel-near-completion-r1-000029 status=ok send_slip=1.373636ms body_sha256=531af5755b024c805a3e8a87fd3c4af7883e003902bca519bc4973964bff71a7
request item=23 id=i2-cancel-near-completion-r1-000023 status=ok send_slip=895.623µs body_sha256=c66f6da430a02cb82252b83ef4611455b6184ea9fdf3400fb999eb620e50e395
request item=39 id=i2-cancel-near-completion-r1-000039 status=ok send_slip=590.394µs body_sha256=628afdb9962a34fb0188c22e261e9cf4625ab0d994d9fc60a162d2a55be6613b
request item=24 id=i2-cancel-near-completion-r1-000024 status=ok send_slip=177.87µs body_sha256=ed15de95c20467c5d9b112326e05058fb8c59b7135de5aa9b6e20241a44621e0
request item=44 id=i2-cancel-near-completion-r1-000044 status=ok send_slip=1.460066ms body_sha256=5ef1ba96ae12a2aa380ac72d29a1c64320c50a7dd2a0b029730f78cf9eaba379
request item=31 id=i2-cancel-near-completion-r1-000031 status=ok send_slip=506.08µs body_sha256=0d064865b161e0f8f5d36d73d210841ffedb6fa9da3d8a904431338884199406
request item=37 id=i2-cancel-near-completion-r1-000037 status=ok send_slip=517.83µs body_sha256=3de33c9efaae65581061b074b3b59652dd6275541ce6bcc79ce563afe6536be7
request item=45 id=i2-cancel-near-completion-r1-000045 status=ok send_slip=1.04283ms body_sha256=b97e1117d079f9164e747c58b92b66d3aac6a1ac96bb4275f812a3ec96600a4a
request item=28 id=i2-cancel-near-completion-r1-000028 status=ok send_slip=909.106µs body_sha256=e39eb67411f69df303c4cc2644b45f0fa41c9f68411758c8782640907709ed49
request item=53 id=i2-cancel-near-completion-r1-000053 status=ok send_slip=447.138µs body_sha256=6be4572d5b3822e56036534aa17b7d3cfbcaabfea0fc66dcb72d6c5ccca49fbb
request item=43 id=i2-cancel-near-completion-r1-000043 status=ok send_slip=1.29239ms body_sha256=bb8841e042f00f669d7e58e9c110c68899351b50b8a332f6a1aad3dfe870a272
request item=49 id=i2-cancel-near-completion-r1-000049 status=ok send_slip=828.461µs body_sha256=302df6b2cc71d367b96725bfa6065899fa984715f75a01737f5ccf8622a88809
request item=32 id=i2-cancel-near-completion-r1-000032 status=ok send_slip=778.094µs body_sha256=d4b3ea521fd8bed056b6a46e76fad262ebdc4c17e617c79f29e7f591232f83d1
request item=56 id=i2-cancel-near-completion-r1-000056 status=ok send_slip=633.894µs body_sha256=b0921db3529f5c5ad10ef5cbb97076e07499e0255295cfb1b48234cf390d36b2
request item=36 id=i2-cancel-near-completion-r1-000036 status=ok send_slip=255.63µs body_sha256=20f9e2e106f3d816d1c57bb1f4e815df6282a72f1027b310a4c8d3248d9db019
request item=42 id=i2-cancel-near-completion-r1-000042 status=ok send_slip=921.165µs body_sha256=a3e986d79e954c27848bafa2a29acd1850fb6b73dab669419063125f01222586
request item=34 id=i2-cancel-near-completion-r1-000034 status=ok send_slip=329.197µs body_sha256=d1fcd88d2abbc8393a9d80e4138b6a25c869c602b6df178cff6a4e1d14c8cad7
request item=35 id=i2-cancel-near-completion-r1-000035 status=ok send_slip=1.484572ms body_sha256=ededbd33cfd2c0c54c6ad8603f91a127f7597653e6758be1ab60d465123fc8a9
request item=48 id=i2-cancel-near-completion-r1-000048 status=ok send_slip=357.756µs body_sha256=e06773bafa241c1eb55db0c023dad02c6dbc5368eb5595c24f1cabdf1c71c086
request item=50 id=i2-cancel-near-completion-r1-000050 status=ok send_slip=945.892µs body_sha256=2f0c8ac5623465dcd704642a3bd90fbc28786b1636b976b1f4d56406bf3b316f
request item=38 id=i2-cancel-near-completion-r1-000038 status=ok send_slip=463.71µs body_sha256=c92940c060abfac1f586110ed29043293bd584776a250bc567d216e73e83f094
request item=46 id=i2-cancel-near-completion-r1-000046 status=ok send_slip=729.048µs body_sha256=b1595637ab28ea9ca31d1094874bdbb784e3c431c842cf3f28d5ba5151685bcb
request item=40 id=i2-cancel-near-completion-r1-000040 status=ok send_slip=667.678µs body_sha256=f44e7faf21f828ba8a39116bd0656a74d272f2df335f207f3e1d6ca8ae9dd78e
request item=51 id=i2-cancel-near-completion-r1-000051 status=ok send_slip=1.235916ms body_sha256=29f7e498f7f12fdd6a7ce07cbe1c1be609fac33897c1b5b112bbffd8384e86da
request item=57 id=i2-cancel-near-completion-r1-000057 status=ok send_slip=470.303µs body_sha256=89c97b4d0f6275d77ad5ce8796511afa4dd5b7bd7412d077934ec631c6ce8ce0
request item=41 id=i2-cancel-near-completion-r1-000041 status=canceled send_slip=424.331µs body_sha256=0cd3d8ff696ae9bbde5ad53c4f1351b0dcfa150dca9eb32eb5de092969529f18
request item=64 id=i2-cancel-near-completion-r1-000064 status=ok send_slip=1.151371ms body_sha256=58f64257e1b6dfee221eeebc302e640d7376b3bfba48ebd357b518629d42e021
request item=47 id=i2-cancel-near-completion-r1-000047 status=canceled send_slip=544.971µs body_sha256=df910188edf104b097180681cb49476fa33c44a1392221e4ee8ef3e1e05cabfd
request item=52 id=i2-cancel-near-completion-r1-000052 status=ok send_slip=692.973µs body_sha256=a0c4b85d117981004a369cb760cfe89fc91af9ff7ea16f53cbf149800e4e75ba
request item=60 id=i2-cancel-near-completion-r1-000060 status=ok send_slip=1.172259ms body_sha256=b26d7676bafaff138a21a8f51ec9beab7104d43333e001ea8a4bb1695d504d00
request item=59 id=i2-cancel-near-completion-r1-000059 status=ok send_slip=796.377µs body_sha256=b5c8dd6b6101227d206967ab6c5359f5f6e4d32aaa76c8b59e3d68dfdd35e49a
request item=55 id=i2-cancel-near-completion-r1-000055 status=ok send_slip=403.179µs body_sha256=ed60df94b98671813f0e99d7e8f796de1923ee588b97d76939eb57b71a5ff081
request item=61 id=i2-cancel-near-completion-r1-000061 status=ok send_slip=760.879µs body_sha256=f0350b590b5b9826005c0d710bba5cb81a5bf87594ca0389bbab5608ed5dfe45
request item=63 id=i2-cancel-near-completion-r1-000063 status=ok send_slip=1.294171ms body_sha256=3549656a7f932272d8296a2a9b9d9adafda03c73a1ebae4bda6a1cb19a9f8920
request item=54 id=i2-cancel-near-completion-r1-000054 status=ok send_slip=1.273511ms body_sha256=e7a667d4d4b8f4456ea3ae52184cb544df9348ffcec7b7903ac9761c5fdddc3b
request item=69 id=i2-cancel-near-completion-r1-000069 status=ok send_slip=560.782µs body_sha256=ae2e02400ab4a2d00eefff182dcb8b40a1a959aa5cc7f0b77f1f7ecbaa236d91
request item=58 id=i2-cancel-near-completion-r1-000058 status=ok send_slip=902.282µs body_sha256=1d27f7f946f85c963699c26cbfbc69014a2e2864cd7239426fced85f58e844af
request item=62 id=i2-cancel-near-completion-r1-000062 status=ok send_slip=492.848µs body_sha256=aec1b2d288e78674ea771f9e26895686893a1837df17e24df5734323e5ddddf2
request item=72 id=i2-cancel-near-completion-r1-000072 status=ok send_slip=236.77µs body_sha256=c37fe0a95a9236d81245619fc8f4cfd5414bcb7283df4586f10ed7faa648fd61
request item=67 id=i2-cancel-near-completion-r1-000067 status=ok send_slip=881.226µs body_sha256=5d5a493f339158c4b2798f07c2df369fbf30d1593e0d03f834f25ea6fcae49b6
request item=68 id=i2-cancel-near-completion-r1-000068 status=ok send_slip=1.050328ms body_sha256=9b66f42169b55dc18ec10860119ccd0a2591cf4b1e71f509bd409c9ec52fb34e
request item=74 id=i2-cancel-near-completion-r1-000074 status=ok send_slip=264.185µs body_sha256=e552e720b520db90eb1e1232caa3a06c78e1029a9d1296b03531e771dffbaa0e
request item=75 id=i2-cancel-near-completion-r1-000075 status=ok send_slip=499.082µs body_sha256=087feb43a5e799688df6b25f9e2089d8c333d94c8dadeb32b43406ea31fe1a34
request item=65 id=i2-cancel-near-completion-r1-000065 status=ok send_slip=816.962µs body_sha256=a2f8f902dd0179dfbaa085ef3d3636e7fefff2c6f5ed0c2b6bd8df65dc5a2fad
request item=80 id=i2-cancel-near-completion-r1-000080 status=ok send_slip=1.069333ms body_sha256=7353d252d2aab0a581f41aea47bc3b0b033ffae4437607de9640a0912ecc8fae
request item=66 id=i2-cancel-near-completion-r1-000066 status=canceled send_slip=587.896µs body_sha256=23fd7501a7d444967db9c6d266717854e740a216011355587aa54404307ce1aa
request item=85 id=i2-cancel-near-completion-r1-000085 status=ok send_slip=868.285µs body_sha256=eb865bc6df8e11330bb77fa4c4aed87f068aaa22968ae5966ea9262d8e43e041
request item=77 id=i2-cancel-near-completion-r1-000077 status=ok send_slip=712.993µs body_sha256=03e8bb4ef8309bb7e1b11c4c54ac1dd9b6fbbaca03ee71b56fabd7cbc53d5faa
request item=82 id=i2-cancel-near-completion-r1-000082 status=ok send_slip=252.552µs body_sha256=88f94e5c1ff08d0bfda170fa6786d4cb6f9529adb6ca9a7e4fc66ee2dfccedd3
request item=90 id=i2-cancel-near-completion-r1-000090 status=ok send_slip=567.926µs body_sha256=a01eac161828a30af7c67f9d9ddf4b7c5a374e3d82552c7ed0c59bd2dbb817aa
request item=70 id=i2-cancel-near-completion-r1-000070 status=ok send_slip=906.37µs body_sha256=3cdb539990bf67dc61144cd351cc9603f7e07a4f29c011bf50c8d0520e3eb815
request item=76 id=i2-cancel-near-completion-r1-000076 status=ok send_slip=1.275664ms body_sha256=8f4ca11c880eae2e6597592f802aec8979ce355f2c7a9bc93c4f2ea5c92d7006
request item=84 id=i2-cancel-near-completion-r1-000084 status=ok send_slip=632.216µs body_sha256=60312a43d68953b5bcd9e23166d331fa86c8aaf29a84e90676ad705e0eb71491
request item=71 id=i2-cancel-near-completion-r1-000071 status=ok send_slip=370.913µs body_sha256=09230db5633eaa86f3f110476b1fd7b6cd8520b4f8d8b587b4b7b3019119fc61
request item=78 id=i2-cancel-near-completion-r1-000078 status=ok send_slip=1.237972ms body_sha256=eba30f62ff18adf07af0de2adec8397308d4b8351a88b478fde72b18c4a2b851
request item=88 id=i2-cancel-near-completion-r1-000088 status=ok send_slip=182.641µs body_sha256=0595f714700a43ee5e09458e55ce9539e45aea0c395adb778029bd20854b860e
request item=73 id=i2-cancel-near-completion-r1-000073 status=ok send_slip=1.041939ms body_sha256=19291feefc5a1115a7858888c95f7a847d2f9a2fcb0869f8e627a32e0ff64c2f
request item=81 id=i2-cancel-near-completion-r1-000081 status=ok send_slip=1.20375ms body_sha256=8d99e2e2d8c8d777ed3443532ad9c99208ccd4b8e79ef87f7d06b6f434e1ebd5
request item=92 id=i2-cancel-near-completion-r1-000092 status=ok send_slip=924.081µs body_sha256=b836de55194765d36defc89df676513351a3b88cc8fd1d4ba6f74958b3389376
request item=87 id=i2-cancel-near-completion-r1-000087 status=ok send_slip=1.237017ms body_sha256=416d613a96db68f9c84e8b083c7b81e12cbefa71f54168d6182a66920c5bd6fd
request item=83 id=i2-cancel-near-completion-r1-000083 status=ok send_slip=1.175565ms body_sha256=eceff6d0f3de6419b04df9c031a5ace572144b20327da282dcc7241d1229ed87
request item=102 id=i2-cancel-near-completion-r1-000102 status=ok send_slip=1.041954ms body_sha256=79dbb626ab5526224b0550842f5a01e4b823d947cedb7831b70a5f2e8e6b9e0c
request item=99 id=i2-cancel-near-completion-r1-000099 status=ok send_slip=1.451165ms body_sha256=cb2b6b515d28a71bfb9c1a0b924e6799bd7851a9f93c4aaaa40206ae63eac268
request item=79 id=i2-cancel-near-completion-r1-000079 status=ok send_slip=1.35615ms body_sha256=8c0e76fec4e1bc70624fa614b693db74501734f3b5abbc5553f063a861453836
request item=86 id=i2-cancel-near-completion-r1-000086 status=ok send_slip=1.371619ms body_sha256=dc7939492cbed772a31756c0fe90648376abd5fff3843107b3b4221dbb020729
request item=91 id=i2-cancel-near-completion-r1-000091 status=ok send_slip=621.1µs body_sha256=ae372dac26caef902360037d0f9fe3a567a9b58fcfc3c63920c83aefd48f2d43
request item=100 id=i2-cancel-near-completion-r1-000100 status=ok send_slip=1.193642ms body_sha256=d7cbba7c6cb0a50334eb923a39bcc013d74480f9fa874833c13627f761075877
request item=98 id=i2-cancel-near-completion-r1-000098 status=ok send_slip=810.917µs body_sha256=03248d78dbe64c4f8854475449a10d2d51d685525743ef54f4e1b7f6e1313ef2
request item=106 id=i2-cancel-near-completion-r1-000106 status=ok send_slip=495.467µs body_sha256=cd36198b2ff9b3985b0f9b95f27706a39350316d065332525e8a01340286817d
request item=89 id=i2-cancel-near-completion-r1-000089 status=canceled send_slip=1.379935ms body_sha256=62f5be2c1853530307388b2e633e4a388ff43a55830f6eb3c5f1973938cd83f2
request item=93 id=i2-cancel-near-completion-r1-000093 status=ok send_slip=512.145µs body_sha256=9802d4569b2a49de904bc8e25ac1be70b35a788338efcb431ac5d94d2fa9a100
request item=97 id=i2-cancel-near-completion-r1-000097 status=ok send_slip=779.37µs body_sha256=898ebb0369dbb694787d9dcb679f716a9a2b23293af54db3a2c9767cf30f45e7
request item=117 id=i2-cancel-near-completion-r1-000117 status=ok send_slip=1.010817ms body_sha256=96dfbddfc8c8cc42015434fe1186f16a426c0f6d1b11979ee77513adfc88d862
request item=95 id=i2-cancel-near-completion-r1-000095 status=ok send_slip=1.050449ms body_sha256=97cb081ef9e268007e4473c696dccb94262acb56a13d2387afadca11e55af5a4
request item=94 id=i2-cancel-near-completion-r1-000094 status=canceled send_slip=967.644µs body_sha256=387168ce6dd74fc37eba9a9fff816bc697fef238c6a9271906caaeae21a2a24f
request item=114 id=i2-cancel-near-completion-r1-000114 status=ok send_slip=859.969µs body_sha256=1e6aeb45f25f82204adef628c34cf52f1e0bdfa481c350ef42c8a4f8cfc35f12
request item=107 id=i2-cancel-near-completion-r1-000107 status=ok send_slip=1.483486ms body_sha256=93ce2f43b23b719f27a63beb7b53228ed939410b1848e19188591fa9da7b16d9
request item=105 id=i2-cancel-near-completion-r1-000105 status=ok send_slip=769.15µs body_sha256=99682102f94fbc7ee63ee5f7761bc96ee91d762c5df38b5288e055e6a3ed5761
request item=111 id=i2-cancel-near-completion-r1-000111 status=ok send_slip=421.763µs body_sha256=f28c0c50595d07db26b1236d6baffe93da826ea4ee17bff7b4ba8941f43bfa92
request item=96 id=i2-cancel-near-completion-r1-000096 status=canceled send_slip=1.132323ms body_sha256=a46b5bb4be676d7f1ad1e6f88ce1214290b8791d3aead8500765e274cf42c8d2
request item=103 id=i2-cancel-near-completion-r1-000103 status=ok send_slip=151.925µs body_sha256=719fc6c7469686ad9f12b8bf89afb794e9e401ca620f889f0fb4a7fab2688bf4
request item=115 id=i2-cancel-near-completion-r1-000115 status=ok send_slip=1.351655ms body_sha256=406c03932bb485ba84493a2de1cdd0ba2547c3e4741d27d5d84cab445c61f83f
request item=109 id=i2-cancel-near-completion-r1-000109 status=ok send_slip=591.752µs body_sha256=6285e487a2bff39fac9f5a2737fcff70b32ab14d59bb1cf92e5332cb39f5907b
request item=116 id=i2-cancel-near-completion-r1-000116 status=ok send_slip=1.056892ms body_sha256=9c64b1430e872b0fae4c6a1d19941dd6b9b7b54d79d96eb6b6f0a6bd4bc0f701
request item=104 id=i2-cancel-near-completion-r1-000104 status=ok send_slip=1.10395ms body_sha256=813ef16850f85f9f437978875efe4ac3711eb67cfdf2f9d9dc69689cfbf859c3
request item=119 id=i2-cancel-near-completion-r1-000119 status=ok send_slip=1.188902ms body_sha256=4b7fbf132be1be3d586b2df1d57d68051af22e9ccdb2e7e58f8987c009a18d1b
request item=101 id=i2-cancel-near-completion-r1-000101 status=canceled send_slip=859.324µs body_sha256=ad5f4da7e077e14c368e8df2d886ab0d258631b0b132d4e3f717696b1d794e4d
request item=108 id=i2-cancel-near-completion-r1-000108 status=ok send_slip=568.526µs body_sha256=d96bfb0669371fd2354ffa778def63a2db959dd52503ec334008f86438b39f17
request item=122 id=i2-cancel-near-completion-r1-000122 status=ok send_slip=510.108µs body_sha256=974357d56de778e97c363223e8513db0d54fc80f7bfb372f46563dc9dc83c05b
request item=110 id=i2-cancel-near-completion-r1-000110 status=ok send_slip=948.379µs body_sha256=27ddda222a6a1e9892bf017abdbcd55f7d7980176c5b83ae7ad9d2d1aad410b8
request item=113 id=i2-cancel-near-completion-r1-000113 status=ok send_slip=910.767µs body_sha256=5d8f13b06e3273cadee92136d606a565eec814212896e9d54d0595b29ffd7098
request item=121 id=i2-cancel-near-completion-r1-000121 status=ok send_slip=958.207µs body_sha256=d11f17c1cbafed81e89912986238105c4dcf5f59cb8cb4f229f28cb35d147d4b
request item=123 id=i2-cancel-near-completion-r1-000123 status=ok send_slip=1.326957ms body_sha256=dfff7c92d85352d7eeb1f7d196ed0743f1669ecdfbd8acfcc116b4f54a6ecf25
request item=124 id=i2-cancel-near-completion-r1-000124 status=ok send_slip=366.296µs body_sha256=3e716ede3978a5150c9423d3f0d052e80a0930e5ffd3e474c3d507f532c04626
request item=112 id=i2-cancel-near-completion-r1-000112 status=ok send_slip=809.843µs body_sha256=a31ec2072ae29766ec816b8b36aa2b76de003e6741b3cdf4b04d7e05003c8d0c
request item=125 id=i2-cancel-near-completion-r1-000125 status=ok send_slip=309.33µs body_sha256=4c9fdddf85850aaf79da9d091c69fbe82fae76a112ac333c3c68834dd10b7177
request item=135 id=i2-cancel-near-completion-r1-000135 status=ok send_slip=781.155µs body_sha256=ca60d385ba1caac353b1c2afd7454d75f8ce968bbe0ad47a204e7351f021bc09
request item=120 id=i2-cancel-near-completion-r1-000120 status=ok send_slip=929.04µs body_sha256=163bfb5fe99bcb887e183067cdac56b1c815cbfd40d2ed3c3f2348c27a0f413d
request item=134 id=i2-cancel-near-completion-r1-000134 status=ok send_slip=1.225271ms body_sha256=343451105455abbeaa0fdc4a383c5a6f23bc5b5d904a30a295cd561d121ab322
request item=139 id=i2-cancel-near-completion-r1-000139 status=ok send_slip=304.397µs body_sha256=5d75cb9ea86b47dc5df1fce8640cad1ee0dc6964f31fd0bc21c4dcb32f563f1f
request item=118 id=i2-cancel-near-completion-r1-000118 status=ok send_slip=758.212µs body_sha256=e34db041e9b2b8d6887fa889705974e3011daeb33706691ffaa44a564ba567b6
request item=140 id=i2-cancel-near-completion-r1-000140 status=ok send_slip=1.196216ms body_sha256=6daa17ce80be74a1e4b1ee42fbb68288d9edf920e912258931ec47e54223fa02
request item=133 id=i2-cancel-near-completion-r1-000133 status=ok send_slip=1.149043ms body_sha256=f9ada4c46fe958b3dc263952fca0baef3431f130a1a2f4028369fb9d44952708
request item=132 id=i2-cancel-near-completion-r1-000132 status=ok send_slip=904.167µs body_sha256=bc9ca5c7fef05a20663bab917a932af1a0c4e3d62c090257d15f54794ddc12cb
request item=128 id=i2-cancel-near-completion-r1-000128 status=ok send_slip=1.06393ms body_sha256=d83d528203482617991d73b28d5afc16c94ef2520279a70aca03a9c8c86ac807
request item=137 id=i2-cancel-near-completion-r1-000137 status=ok send_slip=824.709µs body_sha256=9815443f903c9c20b25f431277318921aebe5ff27c90315f2309417226bf936f
request item=144 id=i2-cancel-near-completion-r1-000144 status=ok send_slip=700.976µs body_sha256=572e64af8fbc59bc9f7d932172be312e0d6e72cdc9a87f8a3cf0e5592bcd27ca
request item=136 id=i2-cancel-near-completion-r1-000136 status=ok send_slip=1.068097ms body_sha256=89cffea8ead1757c7508d031a9b97ee7255854e104f6fc68efa9f01879380606
request item=126 id=i2-cancel-near-completion-r1-000126 status=ok send_slip=312.474µs body_sha256=096eabcc45c820394a6b56394d7ef67e9b61b4fccd91dd3cba99659a85221021
request item=131 id=i2-cancel-near-completion-r1-000131 status=ok send_slip=721.71µs body_sha256=188cbbf2cfe414e0e61e8f10c354868c6b237fcb7bf1838e0bb30b1861f9769a
request item=130 id=i2-cancel-near-completion-r1-000130 status=ok send_slip=260.092µs body_sha256=e4d4834dee3c96b2a761b76744860b6b42801ac7cc2e8af2fd29ea2ae63c9146
request item=127 id=i2-cancel-near-completion-r1-000127 status=ok send_slip=1.134384ms body_sha256=e79c495bb61bb7039dbb89d140fc33a56a1710cf1bb1b28a88a2bb26b387603d
request item=151 id=i2-cancel-near-completion-r1-000151 status=ok send_slip=1.209496ms body_sha256=921cc568a789f286102aed3381aa86840db3cbdc69ef19dd53c4abe13458024f
request item=129 id=i2-cancel-near-completion-r1-000129 status=ok send_slip=712.677µs body_sha256=bddfeadd3e4506de00a72a8a8cb4e749e9b1a32aa9cc2a0e5ea20a706587721d
request item=148 id=i2-cancel-near-completion-r1-000148 status=ok send_slip=487.797µs body_sha256=949c6fe9bdb7dc306ed0483643c294ab98835b4a4d2174fb18e28bb6539df9d7
request item=146 id=i2-cancel-near-completion-r1-000146 status=ok send_slip=645.675µs body_sha256=754053fc267d3e405e6b80d9eff1f2238250274a29c260590d768d2233e6cda7
request item=141 id=i2-cancel-near-completion-r1-000141 status=ok send_slip=1.500099ms body_sha256=ec967f611bb46ccae90cdd8b9fb2cfaa3714b962504b7c3aaf07a3dd81063359
request item=143 id=i2-cancel-near-completion-r1-000143 status=ok send_slip=1.283555ms body_sha256=b46275a8ffd6e1eeeb0f38a61899433401f3622c62b7ab9ee3edad7930ead932
request item=155 id=i2-cancel-near-completion-r1-000155 status=ok send_slip=368.02µs body_sha256=4b3d629e443405fe8dab03534f36a4698367ca88531468d962f533d64d0aef60
request item=157 id=i2-cancel-near-completion-r1-000157 status=ok send_slip=1.028873ms body_sha256=3b45e345ad0524fde6406d537c4c14677a393b504fe9c4be159b967c2e76b8a1
request item=156 id=i2-cancel-near-completion-r1-000156 status=ok send_slip=630.369µs body_sha256=27299eb9e9113a51de6e32d46f3c6add6a1c97a8e0c7ad2c730a7db434715ca2
request item=138 id=i2-cancel-near-completion-r1-000138 status=canceled send_slip=1.343809ms body_sha256=7892864fbf2b6f1f42d003d92bcd90e05116ce51a0f805bc8937c6651737eb0d
request item=142 id=i2-cancel-near-completion-r1-000142 status=ok send_slip=1.020675ms body_sha256=a2cde370dd2ed3e0acaee4a8214340579fbec9a5ce08fd311c493045c130d9e7
request item=149 id=i2-cancel-near-completion-r1-000149 status=ok send_slip=1.347884ms body_sha256=29be442ac6f775a2d68f0a13b0bfeeccc6310eb1a422843da8fc56df67ef9c79
request item=162 id=i2-cancel-near-completion-r1-000162 status=ok send_slip=1.265419ms body_sha256=8dc331533a786db26d4f638bf04695ae3837be2d8816bf021d76beed144c48d8
request item=159 id=i2-cancel-near-completion-r1-000159 status=ok send_slip=1.509424ms body_sha256=43b85a98f2af81039ed795c37144e242a51ed5d8152277ed5e4f88d65010171b
request item=150 id=i2-cancel-near-completion-r1-000150 status=ok send_slip=1.04042ms body_sha256=e9803be5489a32bfab4e4246bdbd19ea944e67947aa42b36d0d165f0b0e74cb9
request item=164 id=i2-cancel-near-completion-r1-000164 status=ok send_slip=644.024µs body_sha256=0c627f3a168386e9eefb54a67c897ad681c4a0d1b3b79199d776653a7b1c23d0
request item=145 id=i2-cancel-near-completion-r1-000145 status=canceled send_slip=947.792µs body_sha256=49c8ad7310bcdeaf712613a02bd52c855fb2321b7dbb743485745a3e704b38e3
request item=172 id=i2-cancel-near-completion-r1-000172 status=ok send_slip=767.485µs body_sha256=13fb1b6439c0f68318dd296155fe7968acdefec3032f340fa8fedd7190b50750
request item=174 id=i2-cancel-near-completion-r1-000174 status=ok send_slip=462.884µs body_sha256=8d25249e541f3ff7bd3c8e2321e5f6ce0ec3e9f1f455eb12eb432b20531a4dca
request item=147 id=i2-cancel-near-completion-r1-000147 status=ok send_slip=1.381504ms body_sha256=d58832187d790ccf30761a12d60ad7c53ed7aaebcca5e658546d2570996d0018
request item=167 id=i2-cancel-near-completion-r1-000167 status=ok send_slip=893.139µs body_sha256=2031afa1a8fc2bcad9a7b8dd851bea9b73235c5b01dd43cd17529788efb13a25
request item=158 id=i2-cancel-near-completion-r1-000158 status=ok send_slip=1.360525ms body_sha256=f611e539bcd6b7fd8b34244f5a80bb7943d72921ec57b56bdf0cea1960e31135
request item=175 id=i2-cancel-near-completion-r1-000175 status=ok send_slip=710.898µs body_sha256=cca9e0dd6dd8479adff54ad8a6a4b8ce03816e9b0dd3705b36cffae8f68d238c
request item=166 id=i2-cancel-near-completion-r1-000166 status=ok send_slip=1.049925ms body_sha256=4b6626c21f07fa378f05891aa80459595f8e8590eba33fdd2a8dda786f0780d7
request item=160 id=i2-cancel-near-completion-r1-000160 status=ok send_slip=1.121847ms body_sha256=0b54d0ae1e4996307c3e41324184fb8039d89dff98e435bc9af79707d9fa68f5
request item=168 id=i2-cancel-near-completion-r1-000168 status=ok send_slip=425.245µs body_sha256=7d3717d5728ab199795da640318214503b94f589a5ccc1c8867165c44787ebec
request item=169 id=i2-cancel-near-completion-r1-000169 status=ok send_slip=1.295149ms body_sha256=7e6eefaedfbc114caba135873fcdbf26d982013b2fcf13c734de8f47f0984197
request item=161 id=i2-cancel-near-completion-r1-000161 status=ok send_slip=1.462901ms body_sha256=d05fd529358cbbe71ec8cef2d8f2889363bbd08ade5e315b531a247fce7c9759
request item=152 id=i2-cancel-near-completion-r1-000152 status=ok send_slip=261.644µs body_sha256=7f565528cec5ee5c86d89965cef86fc38d9356555d7b6185ef0e444df007294d
request item=154 id=i2-cancel-near-completion-r1-000154 status=ok send_slip=828.515µs body_sha256=61e88e353c91a2cd50b61c43daf1ea2accd9585a70104fecd7eb52e7065eef57
request item=153 id=i2-cancel-near-completion-r1-000153 status=ok send_slip=37.645555ms body_sha256=2bdfce57423916eee97b734df92702901b52e6b4580198b91693ca0b1740fedf
request item=176 id=i2-cancel-near-completion-r1-000176 status=ok send_slip=865.455µs body_sha256=cd3dd2c9f5579c8043f29d1bf084d21d67788a4b9bd10fd105514b33dc841949
request item=170 id=i2-cancel-near-completion-r1-000170 status=ok send_slip=1.282032ms body_sha256=195fb883ce972990ab4dec1bdcf598e58745af652b390d70900b8486fceebbef
request item=171 id=i2-cancel-near-completion-r1-000171 status=ok send_slip=447.376µs body_sha256=cb7cc5f8e6a3419589eb098e20ec035c68a642aa00c48ed2c2aae4c82ebabf05
request item=181 id=i2-cancel-near-completion-r1-000181 status=ok send_slip=1.441745ms body_sha256=2df6a6ebc3ce63b9cfb2ce83db0fb8ba423024c564256755e49a82a4740b294d
request item=163 id=i2-cancel-near-completion-r1-000163 status=ok send_slip=786.5µs body_sha256=172acca72336f6eeb4a0455e6d68c4648ba04e9e3217a24409513e8eed30bc21
request item=190 id=i2-cancel-near-completion-r1-000190 status=ok send_slip=874.705µs body_sha256=bcd5a148285a5ed5d66beea31275b8b1582421f71dfc2dc05deed1c80710690a
request item=185 id=i2-cancel-near-completion-r1-000185 status=ok send_slip=896.602µs body_sha256=af6ce2a7adf49344781f23bd027555e6809cdce32694a830e29c4dabab9938dc
request item=184 id=i2-cancel-near-completion-r1-000184 status=ok send_slip=406.836µs body_sha256=a8e6ff22e3f3b8dd513429749c4aa3df7f5c94a1862638ee46d853164ef07565
request item=183 id=i2-cancel-near-completion-r1-000183 status=ok send_slip=860.127µs body_sha256=779ae2f5b809cb3dbdcfbc2d6f797573844bb5c49094cbfb6d65c894611df9ef
request item=182 id=i2-cancel-near-completion-r1-000182 status=ok send_slip=690.778µs body_sha256=dcc8d5bfc4d00645dbb194db566d58b462d26818af7b7f8e74bccefc7b9cb517
request item=177 id=i2-cancel-near-completion-r1-000177 status=ok send_slip=507.584µs body_sha256=ceca493426bb2d7646a028c228dc207fdf34691224e703a467fab75b486909b4
request item=178 id=i2-cancel-near-completion-r1-000178 status=ok send_slip=976.804µs body_sha256=a8149599556e40ce754100e357cdb24b9fd37139edad963f3812316e0b1ccf5d
request item=173 id=i2-cancel-near-completion-r1-000173 status=ok send_slip=1.432126ms body_sha256=29250ee9ff6b78b33b677d07a9e6627f27b662c4f03cfc2b24b887e1b7bcb088
request item=186 id=i2-cancel-near-completion-r1-000186 status=ok send_slip=544.107µs body_sha256=852488a061d6482e8312d44c60dee604e6c6a30603c3d91cd48fe32440d4b4ff
request item=165 id=i2-cancel-near-completion-r1-000165 status=ok send_slip=494.638µs body_sha256=38778ce7ee8c4fa4a0cf0b29ff8985d597f14c9d17841260e1e9dd695b51805b
request item=191 id=i2-cancel-near-completion-r1-000191 status=ok send_slip=915.715µs body_sha256=aac7d793673b5222ba0fd4282f761f8d8e1cd8fade90e189da10525a74b29b2a
request item=179 id=i2-cancel-near-completion-r1-000179 status=ok send_slip=1.439392ms body_sha256=1ae6234444d60a4be87f0948e9e7163a04173c9abe43c104568ef872ef0cd868
request item=187 id=i2-cancel-near-completion-r1-000187 status=ok send_slip=874.155µs body_sha256=3309696b70be7ae89cfe59064136c62e69748b835e16ee5789ed43fceb324473
request item=188 id=i2-cancel-near-completion-r1-000188 status=ok send_slip=504.256µs body_sha256=07440807d8d80ecf071a789eb3ecc91da5be877d252d953c3cd65f38868b6401
request item=198 id=i2-cancel-near-completion-r1-000198 status=ok send_slip=749.848µs body_sha256=2463caba89132de3064c37bce9758438e4fe6fc58eb03291539ee82060c347a7
request item=180 id=i2-cancel-near-completion-r1-000180 status=ok send_slip=913.826µs body_sha256=181f8598e2aa00ee0a94cd41ed142615b51d32fa497cd680c1b9b2b65d8820b2
request item=189 id=i2-cancel-near-completion-r1-000189 status=ok send_slip=916.259µs body_sha256=75cd9eb44266b5a5ae187c0fc84c8dcb9d9e22b1747da37f24ba2fc7f5c4f1b8
request item=193 id=i2-cancel-near-completion-r1-000193 status=ok send_slip=1.152645ms body_sha256=3588ac4c813ab32b11d008d9cfcb849e2b6cf2e0bc7c42246aa078b21036081f
request item=192 id=i2-cancel-near-completion-r1-000192 status=ok send_slip=205.525µs body_sha256=49a6880e4957952a29912dab9f95bbda1a234ba1b8fb49c1106c03877d5963dd
request item=199 id=i2-cancel-near-completion-r1-000199 status=ok send_slip=743.998µs body_sha256=e36800b123e8137c2ed07ede0061e18b0fc993f1bc9e2e3addf45a4ac3ffb207
request item=196 id=i2-cancel-near-completion-r1-000196 status=ok send_slip=474.229µs body_sha256=476eee89f2e7363915cb48a2a1a9c6a8fb9b923c06538c992bb1763aa0dd5149
request item=197 id=i2-cancel-near-completion-r1-000197 status=ok send_slip=716.337µs body_sha256=24c87ac64b14e4a7f38886bc74f4ac8f6e70b5770c1a8145cbec1eab9b9c845e
request item=194 id=i2-cancel-near-completion-r1-000194 status=canceled send_slip=1.184701ms body_sha256=74035c01945458d497cb0a87b53c2161797a521501f4d8469bec49bc5792a1f3
request item=195 id=i2-cancel-near-completion-r1-000195 status=canceled send_slip=621.727µs body_sha256=9188620ecb69c8721160794bf34c3b4d959ded09a918e1258478cc743a45df02
summary sent=200 ok=187 errors=0 shed=0 canceled=13 cancel_planned=200 slow_planned=0 max_dispatch_slip=36.900392ms max_send_slip=37.645555ms usage_missing=0 wall=1m5.404s
