run_id=i2-cancel-pre-first-token repetition=1 requests=30 max_slip=100ms cancel_planned=30 slow_planned=0 prefix_sharing=0
schedule item=0 offset=132.812097ms input_tokens=252 max_tokens=256 cancel_after=0.150s
schedule item=1 offset=162.096568ms input_tokens=211 max_tokens=256 cancel_after=0.150s
schedule item=2 offset=444.916571ms input_tokens=110 max_tokens=256 cancel_after=0.150s
schedule item=3 offset=1.441567254s input_tokens=149 max_tokens=256 cancel_after=0.150s
schedule item=4 offset=1.502963694s input_tokens=149 max_tokens=256 cancel_after=0.150s
schedule item=5 offset=1.770450977s input_tokens=75 max_tokens=256 cancel_after=0.150s
schedule item=6 offset=1.805319388s input_tokens=234 max_tokens=256 cancel_after=0.150s
schedule item=7 offset=2.084614917s input_tokens=252 max_tokens=256 cancel_after=0.150s
schedule item=8 offset=2.59806167s input_tokens=72 max_tokens=256 cancel_after=0.150s
schedule item=9 offset=4.087900767s input_tokens=237 max_tokens=256 cancel_after=0.150s
schedule item=10 offset=4.226858468s input_tokens=107 max_tokens=256 cancel_after=0.150s
schedule item=11 offset=4.443245281s input_tokens=168 max_tokens=256 cancel_after=0.150s
schedule item=12 offset=4.500986066s input_tokens=212 max_tokens=256 cancel_after=0.150s
schedule item=13 offset=4.603502359s input_tokens=239 max_tokens=256 cancel_after=0.150s
schedule item=14 offset=4.8962841s input_tokens=172 max_tokens=256 cancel_after=0.150s
schedule item=15 offset=5.867735589s input_tokens=97 max_tokens=256 cancel_after=0.150s
schedule item=16 offset=6.360369473s input_tokens=244 max_tokens=256 cancel_after=0.150s
schedule item=17 offset=6.733578383s input_tokens=161 max_tokens=256 cancel_after=0.150s
schedule item=18 offset=6.746909391s input_tokens=102 max_tokens=256 cancel_after=0.150s
schedule item=19 offset=7.141628663s input_tokens=112 max_tokens=256 cancel_after=0.150s
schedule item=20 offset=7.195586978s input_tokens=226 max_tokens=256 cancel_after=0.150s
schedule item=21 offset=7.218498799s input_tokens=125 max_tokens=256 cancel_after=0.150s
schedule item=22 offset=7.627410932s input_tokens=97 max_tokens=256 cancel_after=0.150s
schedule item=23 offset=7.661454996s input_tokens=234 max_tokens=256 cancel_after=0.150s
schedule item=24 offset=8.532791536s input_tokens=174 max_tokens=256 cancel_after=0.150s
schedule item=25 offset=8.97821664s input_tokens=190 max_tokens=256 cancel_after=0.150s
schedule item=26 offset=9.374178312s input_tokens=116 max_tokens=256 cancel_after=0.150s
schedule item=27 offset=9.641567279s input_tokens=249 max_tokens=256 cancel_after=0.150s
schedule item=28 offset=9.661108475s input_tokens=223 max_tokens=256 cancel_after=0.150s
schedule item=29 offset=9.840388754s input_tokens=227 max_tokens=256 cancel_after=0.150s
epoch=2026-07-10T19:44:11.889178Z
request item=0 id=i2-cancel-pre-first-token-r1-000000 status=canceled send_slip=1.577561ms body_sha256=
request item=1 id=i2-cancel-pre-first-token-r1-000001 status=canceled send_slip=1.218001ms body_sha256=
request item=2 id=i2-cancel-pre-first-token-r1-000002 status=canceled send_slip=1.141193ms body_sha256=
request item=3 id=i2-cancel-pre-first-token-r1-000003 status=canceled send_slip=1.050362ms body_sha256=
request item=4 id=i2-cancel-pre-first-token-r1-000004 status=canceled send_slip=1.436335ms body_sha256=
request item=5 id=i2-cancel-pre-first-token-r1-000005 status=canceled send_slip=1.741412ms body_sha256=
request item=6 id=i2-cancel-pre-first-token-r1-000006 status=canceled send_slip=1.801998ms body_sha256=
request item=7 id=i2-cancel-pre-first-token-r1-000007 status=canceled send_slip=1.288727ms body_sha256=
request item=8 id=i2-cancel-pre-first-token-r1-000008 status=canceled send_slip=1.569084ms body_sha256=
request item=9 id=i2-cancel-pre-first-token-r1-000009 status=canceled send_slip=957.511µs body_sha256=
request item=10 id=i2-cancel-pre-first-token-r1-000010 status=canceled send_slip=1.070059ms body_sha256=
request item=11 id=i2-cancel-pre-first-token-r1-000011 status=canceled send_slip=1.053086ms body_sha256=
request item=12 id=i2-cancel-pre-first-token-r1-000012 status=canceled send_slip=1.254705ms body_sha256=
request item=13 id=i2-cancel-pre-first-token-r1-000013 status=canceled send_slip=1.32095ms body_sha256=
request item=14 id=i2-cancel-pre-first-token-r1-000014 status=canceled send_slip=1.313308ms body_sha256=
request item=15 id=i2-cancel-pre-first-token-r1-000015 status=canceled send_slip=805.724µs body_sha256=
request item=16 id=i2-cancel-pre-first-token-r1-000016 status=canceled send_slip=797.407µs body_sha256=
request item=17 id=i2-cancel-pre-first-token-r1-000017 status=canceled send_slip=873.565µs body_sha256=
request item=18 id=i2-cancel-pre-first-token-r1-000018 status=canceled send_slip=1.173001ms body_sha256=
request item=19 id=i2-cancel-pre-first-token-r1-000019 status=canceled send_slip=1.365547ms body_sha256=
request item=20 id=i2-cancel-pre-first-token-r1-000020 status=canceled send_slip=1.046414ms body_sha256=
request item=21 id=i2-cancel-pre-first-token-r1-000021 status=canceled send_slip=952.504µs body_sha256=
request item=22 id=i2-cancel-pre-first-token-r1-000022 status=canceled send_slip=750.205µs body_sha256=
request item=23 id=i2-cancel-pre-first-token-r1-000023 status=canceled send_slip=1.462948ms body_sha256=
request item=24 id=i2-cancel-pre-first-token-r1-000024 status=canceled send_slip=1.239327ms body_sha256=
request item=25 id=i2-cancel-pre-first-token-r1-000025 status=canceled send_slip=1.380261ms body_sha256=
request item=26 id=i2-cancel-pre-first-token-r1-000026 status=canceled send_slip=1.596688ms body_sha256=
request item=27 id=i2-cancel-pre-first-token-r1-000027 status=canceled send_slip=1.501928ms body_sha256=
request item=28 id=i2-cancel-pre-first-token-r1-000028 status=canceled send_slip=1.54495ms body_sha256=
request item=29 id=i2-cancel-pre-first-token-r1-000029 status=canceled send_slip=727.812µs body_sha256=
summary sent=30 ok=0 errors=0 shed=0 canceled=30 cancel_planned=30 slow_planned=0 max_dispatch_slip=1.092631ms max_send_slip=1.801998ms usage_missing=0 wall=9.992s
